0 info it worked if it ends with ok
1 verbose cli [ 'node',
1 verbose cli   'c:\\Users\\flying\\AppData\\Roaming\\npm\\node_modules\\cnpm\\node_modules\\npm\\bin\\npm-cli.js',
1 verbose cli   '--userconfig=C:\\Users\\flying\\.cnpmrc',
1 verbose cli   '--disturl=https://npm.taobao.org/mirrors/node',
1 verbose cli   '--cache=C:\\Users\\flying\\.cnpm',
1 verbose cli   '--registry=https://registry.npm.taobao.org',
1 verbose cli   '--node-gyp=c:\\Users\\flying\\AppData\\Roaming\\npm\\node_modules\\cnpm\\node_modules\\pangyp\\bin\\node-gyp.js',
1 verbose cli   'install',
1 verbose cli   '-g',
1 verbose cli   'fis-parser-es6-babel' ]
2 info using npm@2.7.6
3 info using node@v0.10.33
4 verbose install initial load of c:\Program Files\nodejs\package.json
5 verbose readDependencies loading dependencies from c:\Program Files\nodejs\package.json
6 silly cache add args [ 'fis-parser-es6-babel', null ]
7 verbose cache add spec fis-parser-es6-babel
8 silly cache add parsed spec { raw: 'fis-parser-es6-babel',
8 silly cache add   scope: null,
8 silly cache add   name: 'fis-parser-es6-babel',
8 silly cache add   rawSpec: '',
8 silly cache add   spec: '*',
8 silly cache add   type: 'range' }
9 silly addNamed fis-parser-es6-babel@*
10 verbose addNamed "*" is a valid semver range for fis-parser-es6-babel
11 silly addNameRange { name: 'fis-parser-es6-babel', range: '*', hasData: false }
12 silly mapToRegistry name fis-parser-es6-babel
13 silly mapToRegistry using default registry
14 silly mapToRegistry registry https://registry.npm.taobao.org/
15 silly mapToRegistry uri https://registry.npm.taobao.org/fis-parser-es6-babel
16 verbose addNameRange registry:https://registry.npm.taobao.org/fis-parser-es6-babel not in flight; fetching
17 verbose request uri https://registry.npm.taobao.org/fis-parser-es6-babel
18 verbose request no auth needed
19 info attempt registry request try #1 at 17:59:13
20 verbose request id 39c48892920e3c1b
21 http request GET https://registry.npm.taobao.org/fis-parser-es6-babel
22 http 200 https://registry.npm.taobao.org/fis-parser-es6-babel
23 silly get cb [ 200,
23 silly get   { server: 'nginx/1.1.19',
23 silly get     date: 'Thu, 30 Jul 2015 09:59:17 GMT',
23 silly get     'content-type': 'application/json; charset=utf-8',
23 silly get     'transfer-encoding': 'chunked',
23 silly get     connection: 'keep-alive',
23 silly get     etag: '"1436207327000"',
23 silly get     'x-readtime': '1281',
23 silly get     'content-encoding': 'gzip' } ]
24 verbose get saving fis-parser-es6-babel to C:\Users\flying\.cnpm\registry.npm.taobao.org\fis-parser-es6-babel\.cache.json
25 silly addNameRange number 2 { name: 'fis-parser-es6-babel', range: '*', hasData: true }
26 silly addNameRange versions [ 'fis-parser-es6-babel', [ '0.0.2', '0.0.1' ] ]
27 silly addNamed fis-parser-es6-babel@0.0.2
28 verbose addNamed "0.0.2" is a plain semver version for fis-parser-es6-babel
29 silly mapToRegistry name fis-parser-es6-babel
30 silly mapToRegistry using default registry
31 silly mapToRegistry registry https://registry.npm.taobao.org/
32 silly mapToRegistry uri https://registry.npm.taobao.org/fis-parser-es6-babel
33 verbose addRemoteTarball https://registry.npm.taobao.org/fis-parser-es6-babel/download/fis-parser-es6-babel-0.0.2.tgz not in flight; adding
34 verbose addRemoteTarball [ 'https://registry.npm.taobao.org/fis-parser-es6-babel/download/fis-parser-es6-babel-0.0.2.tgz',
34 verbose addRemoteTarball   '931ac546f994e90680de07b444dd210d466d2d3b' ]
35 info retry fetch attempt 1 at 17:59:14
36 info attempt registry request try #1 at 17:59:14
37 http fetch GET https://registry.npm.taobao.org/fis-parser-es6-babel/download/fis-parser-es6-babel-0.0.2.tgz
38 http fetch 200 https://registry.npm.taobao.org/fis-parser-es6-babel/download/fis-parser-es6-babel-0.0.2.tgz
39 silly fetchAndShaCheck shasum 931ac546f994e90680de07b444dd210d466d2d3b
40 verbose addTmpTarball C:\Users\flying\AppData\Local\Temp\npm-5820-f0ba228b\registry.npm.taobao.org\fis-parser-es6-babel\download\fis-parser-es6-babel-0.0.2.tgz not in flight; adding
41 verbose addTmpTarball already have metadata; skipping unpack for fis-parser-es6-babel@0.0.2
42 silly cache afterAdd fis-parser-es6-babel@0.0.2
43 verbose afterAdd C:\Users\flying\.cnpm\fis-parser-es6-babel\0.0.2\package\package.json not in flight; writing
44 verbose afterAdd C:\Users\flying\.cnpm\fis-parser-es6-babel\0.0.2\package\package.json written
45 silly install resolved [ { name: 'fis-parser-es6-babel',
45 silly install resolved     version: '0.0.2',
45 silly install resolved     description: 'A parser plugin for fis to turn ES6+ code into ES5 friendly code with babel.',
45 silly install resolved     main: 'index.js',
45 silly install resolved     scripts: { test: 'echo "Error: no test specified" && exit 1' },
45 silly install resolved     repository:
45 silly install resolved      { type: 'git',
45 silly install resolved        url: 'git+ssh://git@github.com/hanai/fis-parser-es6-babel.git' },
45 silly install resolved     keywords: [ 'fis', 'es6', 'babel' ],
45 silly install resolved     author: { name: 'Hanai' },
45 silly install resolved     license: 'MIT',
45 silly install resolved     bugs: { url: 'https://github.com/hanai/fis-parser-es6-babel/issues' },
45 silly install resolved     homepage: 'https://github.com/hanai/fis-parser-es6-babel',
45 silly install resolved     dependencies: { 'babel-core': '^5.1.10' },
45 silly install resolved     gitHead: '51bdbec012a91371593beeef5424e5bef2048b73',
45 silly install resolved     _id: 'fis-parser-es6-babel@0.0.2',
45 silly install resolved     _shasum: '931ac546f994e90680de07b444dd210d466d2d3b',
45 silly install resolved     _from: 'fis-parser-es6-babel@*',
45 silly install resolved     _npmVersion: '2.12.1',
45 silly install resolved     _nodeVersion: '0.12.4',
45 silly install resolved     _npmUser: { name: 'hanai', email: 'ihanai1991@gmail.com' },
45 silly install resolved     dist:
45 silly install resolved      { shasum: '931ac546f994e90680de07b444dd210d466d2d3b',
45 silly install resolved        size: 862,
45 silly install resolved        noattachment: false,
45 silly install resolved        tarball: 'http://registry.npm.taobao.org/fis-parser-es6-babel/download/fis-parser-es6-babel-0.0.2.tgz' },
45 silly install resolved     maintainers: [ [Object] ],
45 silly install resolved     directories: {},
45 silly install resolved     publish_time: 1436197643333,
45 silly install resolved     _cnpm_publish_time: 1436197643333,
45 silly install resolved     _resolved: 'https://registry.npm.taobao.org/fis-parser-es6-babel/download/fis-parser-es6-babel-0.0.2.tgz' } ]
46 info install fis-parser-es6-babel@0.0.2 into c:\Program Files\nodejs
47 info installOne fis-parser-es6-babel@0.0.2
48 verbose installOne of fis-parser-es6-babel to c:\Program Files\nodejs not in flight; installing
49 verbose lock using C:\Users\flying\.cnpm\_locks\fis-parser-es6-babel-f805e1f6fa3f2b18.lock for c:\Program Files\nodejs\node_modules\fis-parser-es6-babel
50 silly install write writing fis-parser-es6-babel 0.0.2 to c:\Program Files\nodejs\node_modules\fis-parser-es6-babel
51 verbose unbuild node_modules\fis-parser-es6-babel
52 silly gentlyRm c:\Program Files\nodejs\node_modules\fis-parser-es6-babel is being purged from base c:\Program Files\nodejs
53 verbose gentlyRm don't care about contents; nuking c:\Program Files\nodejs\node_modules\fis-parser-es6-babel
54 verbose tar unpack C:\Users\flying\.cnpm\fis-parser-es6-babel\0.0.2\package.tgz
55 verbose tar unpacking to c:\Program Files\nodejs\node_modules\fis-parser-es6-babel
56 silly gentlyRm c:\Program Files\nodejs\node_modules\fis-parser-es6-babel is being purged
57 verbose gentlyRm don't care about contents; nuking c:\Program Files\nodejs\node_modules\fis-parser-es6-babel
58 silly gunzTarPerm modes [ '777', '666' ]
59 error tar.unpack untar error C:\Users\flying\.cnpm\fis-parser-es6-babel\0.0.2\package.tgz
60 verbose unlock done using C:\Users\flying\.cnpm\_locks\fis-parser-es6-babel-f805e1f6fa3f2b18.lock for c:\Program Files\nodejs\node_modules\fis-parser-es6-babel
61 verbose fstream_path c:\Program Files\nodejs\node_modules\fis-parser-es6-babel
62 verbose fstream_type Directory
63 verbose fstream_class DirWriter
64 verbose stack Error: EPERM, mkdir 'c:\Program Files\nodejs\node_modules\fis-parser-es6-babel'
65 verbose fstream_stack c:\Users\flying\AppData\Roaming\npm\node_modules\cnpm\node_modules\npm\node_modules\fstream\lib\dir-writer.js:36:23
65 verbose fstream_stack c:\Users\flying\AppData\Roaming\npm\node_modules\cnpm\node_modules\npm\node_modules\mkdirp\index.js:46:53
65 verbose fstream_stack Object.oncomplete (fs.js:107:15)
66 verbose cwd e:\heroku
67 error Windows_NT 6.1.7601
68 error argv "node" "c:\\Users\\flying\\AppData\\Roaming\\npm\\node_modules\\cnpm\\node_modules\\npm\\bin\\npm-cli.js" "--userconfig=C:\\Users\\flying\\.cnpmrc" "--disturl=https://npm.taobao.org/mirrors/node" "--cache=C:\\Users\\flying\\.cnpm" "--registry=https://registry.npm.taobao.org" "--node-gyp=c:\\Users\\flying\\AppData\\Roaming\\npm\\node_modules\\cnpm\\node_modules\\pangyp\\bin\\node-gyp.js" "install" "-g" "fis-parser-es6-babel"
69 error node v0.10.33
70 error npm  v2.7.6
71 error path c:\Program Files\nodejs\node_modules\fis-parser-es6-babel
72 error code EPERM
73 error errno 50
74 error Error: EPERM, mkdir 'c:\Program Files\nodejs\node_modules\fis-parser-es6-babel'
74 error  { [Error: EPERM, mkdir 'c:\Program Files\nodejs\node_modules\fis-parser-es6-babel']
74 error   errno: 50,
74 error   code: 'EPERM',
74 error   path: 'c:\\Program Files\\nodejs\\node_modules\\fis-parser-es6-babel',
74 error   fstream_type: 'Directory',
74 error   fstream_path: 'c:\\Program Files\\nodejs\\node_modules\\fis-parser-es6-babel',
74 error   fstream_class: 'DirWriter',
74 error   fstream_stack:
74 error    [ 'c:\\Users\\flying\\AppData\\Roaming\\npm\\node_modules\\cnpm\\node_modules\\npm\\node_modules\\fstream\\lib\\dir-writer.js:36:23',
74 error      'c:\\Users\\flying\\AppData\\Roaming\\npm\\node_modules\\cnpm\\node_modules\\npm\\node_modules\\mkdirp\\index.js:46:53',
74 error      'Object.oncomplete (fs.js:107:15)' ] }
75 error Please try running this command again as root/Administrator.
76 verbose exit [ 50, true ]
77 verbose unbuild node_modules\fis-parser-es6-babel
78 silly gentlyRm c:\Program Files\nodejs\node_modules\fis-parser-es6-babel is being purged from base c:\Program Files\nodejs
79 verbose gentlyRm don't care about contents; nuking c:\Program Files\nodejs\node_modules\fis-parser-es6-babel
